nohup: ignoring input

  .   ____          _            __ _ _
 /\\ / ___'_ __ _ _(_)_ __  __ _ \ \ \ \
( ( )\___ | '_ | '_| | '_ \/ _` | \ \ \ \
 \\/  ___)| |_)| | | | | || (_| |  ) ) ) )
  '  |____| .__|_| |_|_| |_\__, | / / / /
 =========|_|==============|___/=/_/_/_/
 :: Spring Boot ::                (v3.2.3)

2025-03-22T17:40:30.820+08:00  INFO 2083784 --- [           main] c.liebesrteditor.SrtEditorApplication    : Starting SrtEditorApplication v1.0-SNAPSHOT using Java 21.0.5-ga with PID 2083784 (/home/root/liebeSrtBilingualEditor/liebeSrtBilingualEditor/target/liebeSrtBilingualEditor-1.0-SNAPSHOT.jar started by root in /home/root/liebeSrtBilingualEditor/liebeSrtBilingualEditor)
2025-03-22T17:40:30.826+08:00  INFO 2083784 --- [           main] c.liebesrteditor.SrtEditorApplication    : No active profile set, falling back to 1 default profile: "default"
2025-03-22T17:40:32.922+08:00  INFO 2083784 --- [           main] o.s.b.w.embedded.tomcat.TomcatWebServer  : Tomcat initialized with port 8081 (http)
2025-03-22T17:40:32.944+08:00  INFO 2083784 --- [           main] o.apache.catalina.core.StandardService   : Starting service [Tomcat]
2025-03-22T17:40:32.944+08:00  INFO 2083784 --- [           main] o.apache.catalina.core.StandardEngine    : Starting Servlet engine: [Apache Tomcat/10.1.19]
2025-03-22T17:40:32.998+08:00  INFO 2083784 --- [           main] o.a.c.c.C.[Tomcat].[localhost].[/]       : Initializing Spring embedded WebApplicationContext
2025-03-22T17:40:33.001+08:00  INFO 2083784 --- [           main] w.s.c.ServletWebServerApplicationContext : Root WebApplicationContext: initialization completed in 1994 ms
2025-03-22T17:40:33.240+08:00  INFO 2083784 --- [           main] o.s.b.a.w.s.WelcomePageHandlerMapping    : Adding welcome page template: index
2025-03-22T17:40:33.782+08:00  INFO 2083784 --- [           main] o.s.b.w.embedded.tomcat.TomcatWebServer  : Tomcat started on port 8081 (http) with context path ''
2025-03-22T17:40:33.838+08:00  INFO 2083784 --- [           main] c.liebesrteditor.SrtEditorApplication    : Started SrtEditorApplication in 3.966 seconds (process running for 4.889)
2025-03-22T17:40:37.486+08:00  INFO 2083784 --- [nio-8081-exec-1] o.a.c.c.C.[Tomcat].[localhost].[/]       : Initializing Spring DispatcherServlet 'dispatcherServlet'
2025-03-22T17:40:37.486+08:00  INFO 2083784 --- [nio-8081-exec-1] o.s.web.servlet.DispatcherServlet        : Initializing Servlet 'dispatcherServlet'
2025-03-22T17:40:37.488+08:00  INFO 2083784 --- [nio-8081-exec-1] o.s.web.servlet.DispatcherServlet        : Completed initialization in 1 ms
